2020-12-27 00:44:28.432 [main] INFO  com.gdut.fundraising.FundraisingApplication - Starting FundraisingApplication on DESKTOP-0LLU013 with PID 44220 (D:\GIT_RES\java管理系统\fundraising\target\classes started by Lenovo in D:\GIT_RES\java管理系统\fundraising)
2020-12-27 00:44:28.436 [main] INFO  com.gdut.fundraising.FundraisingApplication - The following profiles are active: dev
2020-12-27 00:44:36.035 [main] INFO  o.s.boot.web.embedded.tomcat.TomcatWebServer - Tomcat initialized with port(s): 8088 (http)
2020-12-27 00:44:36.047 [main] INFO  org.apache.coyote.http11.Http11NioProtocol - Initializing ProtocolHandler ["http-nio-8088"]
2020-12-27 00:44:36.048 [main] INFO  org.apache.catalina.core.StandardService - Starting service [Tomcat]
2020-12-27 00:44:36.665 [main] INFO  org.apache.catalina.core.StandardEngine - Starting Servlet engine: [Apache Tomcat/9.0.38]
2020-12-27 00:44:36.800 [main] INFO  o.a.c.c.C.[Tomcat].[localhost].[/fundraising] - Initializing Spring embedded WebApplicationContext
2020-12-27 00:44:36.800 [main] INFO  o.s.b.w.s.c.ServletWebServerApplicationContext - Root WebApplicationContext: initialization completed in 8276 ms
2020-12-27 00:44:38.335 [main] INFO  o.s.scheduling.concurrent.ThreadPoolTaskExecutor - Initializing ExecutorService 'applicationTaskExecutor'
2020-12-27 00:44:38.664 [main] INFO  org.apache.coyote.http11.Http11NioProtocol - Starting ProtocolHandler ["http-nio-8088"]
2020-12-27 00:44:38.705 [main] INFO  o.s.boot.web.embedded.tomcat.TomcatWebServer - Tomcat started on port(s): 8088 (http) with context path '/fundraising'
2020-12-27 00:44:38.715 [main] INFO  com.gdut.fundraising.FundraisingApplication - Started FundraisingApplication in 11.059 seconds (JVM running for 13.151)
2020-12-27 00:46:30.957 [http-nio-8088-exec-1] INFO  o.a.c.c.C.[Tomcat].[localhost].[/fundraising] - Initializing Spring DispatcherServlet 'dispatcherServlet'
2020-12-27 00:46:30.957 [http-nio-8088-exec-1] INFO  org.springframework.web.servlet.DispatcherServlet - Initializing Servlet 'dispatcherServlet'
2020-12-27 00:46:30.974 [http-nio-8088-exec-1] INFO  org.springframework.web.servlet.DispatcherServlet - Completed initialization in 16 ms
2020-12-27 00:49:14.316 [http-nio-8088-exec-3] INFO  com.gdut.fundraising.handler.ControllerLogAop - --------------->日志打印ing<------------- : 
2020-12-27 00:49:14.316 [http-nio-8088-exec-3] INFO  com.gdut.fundraising.handler.ControllerLogAop - ---->请求URL : http://localhost:8088/fundraising/user/login
2020-12-27 00:49:14.317 [http-nio-8088-exec-3] INFO  com.gdut.fundraising.handler.ControllerLogAop - ---->HTTP方法 : POST
2020-12-27 00:49:14.317 [http-nio-8088-exec-3] INFO  com.gdut.fundraising.handler.ControllerLogAop - IP : 127.0.0.1
2020-12-27 00:49:14.318 [http-nio-8088-exec-3] INFO  com.gdut.fundraising.handler.ControllerLogAop - ---->方法名 : com.gdut.fundraising.controller.user.User.login
2020-12-27 00:49:14.319 [http-nio-8088-exec-3] INFO  com.gdut.fundraising.handler.ControllerLogAop - ---->参数值 : [UserTblEntity(userId=null, userPhone=1, userPassword=1, userName=null, userAddress=null, userBank=null, userToken=null)]
2020-12-27 00:49:14.432 [http-nio-8088-exec-3] INFO  com.zaxxer.hikari.HikariDataSource - HikariPool-1 - Starting...
2020-12-27 00:49:32.988 [http-nio-8088-exec-3] INFO  com.zaxxer.hikari.HikariDataSource - HikariPool-1 - Start completed.
2020-12-27 00:50:04.811 [http-nio-8088-exec-3] INFO  com.gdut.fundraising.handler.ControllerLogAop - 返回体 : {code=100, data=LoginResult(userManage=0, userPhone=1, userName=1, userAddress=1, userBank=1, token=eyJ0eXAiOiJKV1QiLCJhbGciOiJIUzI1NiJ9.eyJhdWQiOiJudWxsIiwidGltZSI6MTYwOTAwMTM3NX0.OLp-M32NlavNM5iFmsM571p5jg48UscmFXfQDKJk0k0), message=success}
2020-12-27 00:50:27.686 [http-nio-8088-exec-4] INFO  com.gdut.fundraising.handler.ControllerLogAop - --------------->日志打印ing<------------- : 
2020-12-27 00:50:27.687 [http-nio-8088-exec-4] INFO  com.gdut.fundraising.handler.ControllerLogAop - ---->请求URL : http://localhost:8088/fundraising/user/login
2020-12-27 00:50:27.687 [http-nio-8088-exec-4] INFO  com.gdut.fundraising.handler.ControllerLogAop - ---->HTTP方法 : POST
2020-12-27 00:50:27.687 [http-nio-8088-exec-4] INFO  com.gdut.fundraising.handler.ControllerLogAop - IP : 127.0.0.1
2020-12-27 00:50:27.687 [http-nio-8088-exec-4] INFO  com.gdut.fundraising.handler.ControllerLogAop - ---->方法名 : com.gdut.fundraising.controller.user.User.login
2020-12-27 00:50:27.688 [http-nio-8088-exec-4] INFO  com.gdut.fundraising.handler.ControllerLogAop - ---->参数值 : [UserTblEntity(userId=null, userPhone=1, userPassword=1, userName=null, userAddress=null, userBank=null, userToken=null)]
2020-12-27 00:50:27.858 [http-nio-8088-exec-4] INFO  com.gdut.fundraising.handler.ControllerLogAop - 返回体 : {code=100, data=LoginResult(userManage=0, userPhone=1, userName=1, userAddress=1, userBank=1, token=eyJ0eXAiOiJKV1QiLCJhbGciOiJIUzI1NiJ9.eyJhdWQiOiJudWxsIiwidGltZSI6MTYwOTAwMTQyN30.QldhY1ZHIsU8RBoyY8AvN4pS_qtQ6NEMZMjCG0-Mx90), message=success}
2020-12-27 00:56:47.121 [http-nio-8088-exec-7] INFO  com.gdut.fundraising.handler.ControllerLogAop - --------------->日志打印ing<------------- : 
2020-12-27 00:56:47.122 [http-nio-8088-exec-7] INFO  com.gdut.fundraising.handler.ControllerLogAop - ---->请求URL : http://localhost:8088/fundraising/user/readProjectList
2020-12-27 00:56:47.122 [http-nio-8088-exec-7] INFO  com.gdut.fundraising.handler.ControllerLogAop - ---->HTTP方法 : GET
2020-12-27 00:56:47.122 [http-nio-8088-exec-7] INFO  com.gdut.fundraising.handler.ControllerLogAop - IP : 127.0.0.1
2020-12-27 00:56:47.122 [http-nio-8088-exec-7] INFO  com.gdut.fundraising.handler.ControllerLogAop - ---->方法名 : com.gdut.fundraising.controller.user.User.readProjectList
2020-12-27 00:56:47.122 [http-nio-8088-exec-7] INFO  com.gdut.fundraising.handler.ControllerLogAop - ---->参数值 : [1, 4]
2020-12-27 00:56:47.501 [http-nio-8088-exec-7] INFO  com.gdut.fundraising.handler.ControllerLogAop - 返回体 : {code=100, data={pageIndex=1, totalPage=1, pageSize=4, project=[]}, message=success}
2020-12-27 00:57:42.636 [http-nio-8088-exec-8] INFO  com.gdut.fundraising.handler.ControllerLogAop - --------------->日志打印ing<------------- : 
2020-12-27 00:57:42.637 [http-nio-8088-exec-8] INFO  com.gdut.fundraising.handler.ControllerLogAop - ---->请求URL : http://localhost:8088/fundraising/user/readProjectList
2020-12-27 00:57:42.637 [http-nio-8088-exec-8] INFO  com.gdut.fundraising.handler.ControllerLogAop - ---->HTTP方法 : GET
2020-12-27 00:57:42.637 [http-nio-8088-exec-8] INFO  com.gdut.fundraising.handler.ControllerLogAop - IP : 127.0.0.1
2020-12-27 00:57:42.637 [http-nio-8088-exec-8] INFO  com.gdut.fundraising.handler.ControllerLogAop - ---->方法名 : com.gdut.fundraising.controller.user.User.readProjectList
2020-12-27 00:57:42.637 [http-nio-8088-exec-8] INFO  com.gdut.fundraising.handler.ControllerLogAop - ---->参数值 : [1, 4]
2020-12-27 00:57:42.645 [http-nio-8088-exec-8] INFO  com.gdut.fundraising.handler.ControllerLogAop - 返回体 : {code=100, data={pageIndex=1, totalPage=2, pageSize=4, project=[ReadListResult(projectId=89965bd8-6aa3-49c0-a1fb-33f55ed3c815, projectName=QG工作室公益技术募捐, projectPeopleNums=0, projectMoneyNow=0.0, projectPhoto=http://localhost:8088/fundraising/photo/732b61fb-b8f4-453e-a61d-0401314cec48.jpg)]}, message=success}
2020-12-27 01:02:31.857 [http-nio-8088-exec-9] INFO  com.gdut.fundraising.handler.ControllerLogAop - --------------->日志打印ing<------------- : 
2020-12-27 01:02:31.857 [http-nio-8088-exec-9] INFO  com.gdut.fundraising.handler.ControllerLogAop - ---->请求URL : http://localhost:8088/fundraising/user/readProjectList
2020-12-27 01:02:31.857 [http-nio-8088-exec-9] INFO  com.gdut.fundraising.handler.ControllerLogAop - ---->HTTP方法 : GET
2020-12-27 01:02:31.857 [http-nio-8088-exec-9] INFO  com.gdut.fundraising.handler.ControllerLogAop - IP : 127.0.0.1
2020-12-27 01:02:31.858 [http-nio-8088-exec-9] INFO  com.gdut.fundraising.handler.ControllerLogAop - ---->方法名 : com.gdut.fundraising.controller.user.User.readProjectList
2020-12-27 01:02:31.858 [http-nio-8088-exec-9] INFO  com.gdut.fundraising.handler.ControllerLogAop - ---->参数值 : [1, 4]
2020-12-27 01:02:31.867 [http-nio-8088-exec-9] INFO  com.gdut.fundraising.handler.ControllerLogAop - 返回体 : {code=100, data={pageIndex=1, totalPage=2, pageSize=4, project=[ReadListResult(projectId=89965bd8-6aa3-49c0-a1fb-33f55ed3c815, projectName=QG工作室公益技术募捐, projectPeopleNums=0, projectMoneyNow=0.0, projectPhoto=http://localhost:8088/fundraising/photo/732b61fb-b8f4-453e-a61d-0401314cec48.jpg)]}, message=success}
2020-12-27 01:02:53.268 [http-nio-8088-exec-10] INFO  com.gdut.fundraising.handler.ControllerLogAop - --------------->日志打印ing<------------- : 
2020-12-27 01:02:53.282 [http-nio-8088-exec-10] INFO  com.gdut.fundraising.handler.ControllerLogAop - ---->请求URL : http://localhost:8088/fundraising/user/readProjectList
2020-12-27 01:02:53.283 [http-nio-8088-exec-10] INFO  com.gdut.fundraising.handler.ControllerLogAop - ---->HTTP方法 : GET
2020-12-27 01:02:53.284 [http-nio-8088-exec-10] INFO  com.gdut.fundraising.handler.ControllerLogAop - IP : 127.0.0.1
2020-12-27 01:02:53.284 [http-nio-8088-exec-10] INFO  com.gdut.fundraising.handler.ControllerLogAop - ---->方法名 : com.gdut.fundraising.controller.user.User.readProjectList
2020-12-27 01:02:53.285 [http-nio-8088-exec-10] INFO  com.gdut.fundraising.handler.ControllerLogAop - ---->参数值 : [1, 4]
2020-12-27 01:02:53.425 [http-nio-8088-exec-10] INFO  com.gdut.fundraising.handler.ControllerLogAop - 返回体 : {code=100, data={pageIndex=1, totalPage=2, pageSize=4, project=[ReadListResult(projectId=89965bd8-6aa3-49c0-a1fb-33f55ed3c815, projectName=QG工作室公益技术募捐, projectPeopleNums=0, projectMoneyNow=0.0, projectPhoto=http://localhost:8088/fundraising/photo/732b61fb-b8f4-453e-a61d-0401314cec48.jpg)]}, message=success}
2020-12-27 01:03:49.866 [http-nio-8088-exec-1] INFO  com.gdut.fundraising.handler.ControllerLogAop - --------------->日志打印ing<------------- : 
2020-12-27 01:03:49.866 [http-nio-8088-exec-1] INFO  com.gdut.fundraising.handler.ControllerLogAop - ---->请求URL : http://localhost:8088/fundraising/user/readProjectList
2020-12-27 01:03:49.866 [http-nio-8088-exec-1] INFO  com.gdut.fundraising.handler.ControllerLogAop - ---->HTTP方法 : GET
2020-12-27 01:03:49.867 [http-nio-8088-exec-1] INFO  com.gdut.fundraising.handler.ControllerLogAop - IP : 127.0.0.1
2020-12-27 01:03:49.867 [http-nio-8088-exec-1] INFO  com.gdut.fundraising.handler.ControllerLogAop - ---->方法名 : com.gdut.fundraising.controller.user.User.readProjectList
2020-12-27 01:03:49.867 [http-nio-8088-exec-1] INFO  com.gdut.fundraising.handler.ControllerLogAop - ---->参数值 : [1, 4]
2020-12-27 01:03:49.899 [http-nio-8088-exec-1] INFO  com.gdut.fundraising.handler.ControllerLogAop - 返回体 : {code=100, data={pageIndex=1, totalPage=2, pageSize=4, project=[ReadListResult(projectId=89965bd8-6aa3-49c0-a1fb-33f55ed3c815, projectName=QG工作室公益技术募捐, projectPeopleNums=0, projectMoneyNow=0.0, projectPhoto=http://localhost:8088/fundraising/photo/732b61fb-b8f4-453e-a61d-0401314cec48.jpg)]}, message=success}
2020-12-27 01:04:03.306 [http-nio-8088-exec-2] INFO  com.gdut.fundraising.handler.ControllerLogAop - --------------->日志打印ing<------------- : 
2020-12-27 01:04:03.307 [http-nio-8088-exec-2] INFO  com.gdut.fundraising.handler.ControllerLogAop - ---->请求URL : http://localhost:8088/fundraising/user/readProjectList
2020-12-27 01:04:03.326 [http-nio-8088-exec-2] INFO  com.gdut.fundraising.handler.ControllerLogAop - ---->HTTP方法 : GET
2020-12-27 01:04:03.327 [http-nio-8088-exec-2] INFO  com.gdut.fundraising.handler.ControllerLogAop - IP : 127.0.0.1
2020-12-27 01:04:03.327 [http-nio-8088-exec-2] INFO  com.gdut.fundraising.handler.ControllerLogAop - ---->方法名 : com.gdut.fundraising.controller.user.User.readProjectList
2020-12-27 01:04:03.327 [http-nio-8088-exec-2] INFO  com.gdut.fundraising.handler.ControllerLogAop - ---->参数值 : [1, 4]
2020-12-27 01:04:03.376 [http-nio-8088-exec-2] INFO  com.gdut.fundraising.handler.ControllerLogAop - 返回体 : {code=100, data={pageIndex=1, totalPage=2, pageSize=4, project=[ReadListResult(projectId=89965bd8-6aa3-49c0-a1fb-33f55ed3c815, projectName=QG工作室公益技术募捐, projectPeopleNums=0, projectMoneyNow=0.0, projectPhoto=http://localhost:8088/fundraising/photo/732b61fb-b8f4-453e-a61d-0401314cec48.jpg)]}, message=success}
2020-12-27 01:05:57.521 [http-nio-8088-exec-3] INFO  org.apache.coyote.http11.Http11Processor - Error parsing HTTP request header
 Note: further occurrences of HTTP request parsing errors will be logged at DEBUG level.
java.lang.IllegalArgumentException: Invalid character found in the request target [/fundraising/user/readProjectList?pageIndex=[object%20Object]&pageSize=4]. The valid characters are defined in RFC 7230 and RFC 3986
	at org.apache.coyote.http11.Http11InputBuffer.parseRequestLine(Http11InputBuffer.java:486)
	at org.apache.coyote.http11.Http11Processor.service(Http11Processor.java:261)
	at org.apache.coyote.AbstractProcessorLight.process(AbstractProcessorLight.java:65)
	at org.apache.coyote.AbstractProtocol$ConnectionHandler.process(AbstractProtocol.java:868)
	at org.apache.tomcat.util.net.NioEndpoint$SocketProcessor.doRun(NioEndpoint.java:1590)
	at org.apache.tomcat.util.net.SocketProcessorBase.run(SocketProcessorBase.java:49)
	at java.util.concurrent.ThreadPoolExecutor.runWorker(ThreadPoolExecutor.java:1149)
	at java.util.concurrent.ThreadPoolExecutor$Worker.run(ThreadPoolExecutor.java:624)
	at org.apache.tomcat.util.threads.TaskThread$WrappingRunnable.run(TaskThread.java:61)
	at java.lang.Thread.run(Thread.java:748)
2020-12-27 01:06:40.545 [http-nio-8088-exec-5] INFO  com.gdut.fundraising.handler.ControllerLogAop - --------------->日志打印ing<------------- : 
2020-12-27 01:06:40.546 [http-nio-8088-exec-5] INFO  com.gdut.fundraising.handler.ControllerLogAop - ---->请求URL : http://localhost:8088/fundraising/user/readProjectList
2020-12-27 01:06:40.547 [http-nio-8088-exec-5] INFO  com.gdut.fundraising.handler.ControllerLogAop - ---->HTTP方法 : GET
2020-12-27 01:06:40.547 [http-nio-8088-exec-5] INFO  com.gdut.fundraising.handler.ControllerLogAop - IP : 127.0.0.1
2020-12-27 01:06:40.548 [http-nio-8088-exec-5] INFO  com.gdut.fundraising.handler.ControllerLogAop - ---->方法名 : com.gdut.fundraising.controller.user.User.readProjectList
2020-12-27 01:06:40.549 [http-nio-8088-exec-5] INFO  com.gdut.fundraising.handler.ControllerLogAop - ---->参数值 : [0, 4]
2020-12-27 01:06:40.816 [http-nio-8088-exec-5] INFO  com.gdut.fundraising.handler.ControllerLogAop - 返回体 : {code=100, data={pageIndex=0, totalPage=2, pageSize=4, project=[ReadListResult(projectId=092361f8-533c-47ef-a244-1f2bd3b6e2b2, projectName=就不能给我钱？, projectPeopleNums=1, projectMoneyNow=1000.0, projectPhoto=null), ReadListResult(projectId=1, projectName=项目名字, projectPeopleNums=4, projectMoneyNow=1300.0, projectPhoto=http://localhost:8080/fundraising/photo/9aa177ae-e33f-4747-a2a4-dc9415cfd8c0.jpg), ReadListResult(projectId=4, projectName=项目名字, projectPeopleNums=0, projectMoneyNow=0.0, projectPhoto=), ReadListResult(projectId=827f91f8-db7c-45c0-bd77-4b3cf74e11df, projectName=dsohgosidhgshg, projectPeopleNums=0, projectMoneyNow=0.0, projectPhoto=)]}, message=success}
2020-12-27 01:06:56.960 [http-nio-8088-exec-6] INFO  com.gdut.fundraising.handler.ControllerLogAop - --------------->日志打印ing<------------- : 
2020-12-27 01:06:56.991 [http-nio-8088-exec-6] INFO  com.gdut.fundraising.handler.ControllerLogAop - ---->请求URL : http://localhost:8088/fundraising/user/readProjectList
2020-12-27 01:06:56.991 [http-nio-8088-exec-6] INFO  com.gdut.fundraising.handler.ControllerLogAop - ---->HTTP方法 : GET
2020-12-27 01:06:56.992 [http-nio-8088-exec-6] INFO  com.gdut.fundraising.handler.ControllerLogAop - IP : 127.0.0.1
2020-12-27 01:06:56.992 [http-nio-8088-exec-6] INFO  com.gdut.fundraising.handler.ControllerLogAop - ---->方法名 : com.gdut.fundraising.controller.user.User.readProjectList
2020-12-27 01:06:56.992 [http-nio-8088-exec-6] INFO  com.gdut.fundraising.handler.ControllerLogAop - ---->参数值 : [0, 4]
2020-12-27 01:06:57.018 [http-nio-8088-exec-6] INFO  com.gdut.fundraising.handler.ControllerLogAop - 返回体 : {code=100, data={pageIndex=0, totalPage=2, pageSize=4, project=[ReadListResult(projectId=092361f8-533c-47ef-a244-1f2bd3b6e2b2, projectName=就不能给我钱？, projectPeopleNums=1, projectMoneyNow=1000.0, projectPhoto=null), ReadListResult(projectId=1, projectName=项目名字, projectPeopleNums=4, projectMoneyNow=1300.0, projectPhoto=http://localhost:8080/fundraising/photo/9aa177ae-e33f-4747-a2a4-dc9415cfd8c0.jpg), ReadListResult(projectId=4, projectName=项目名字, projectPeopleNums=0, projectMoneyNow=0.0, projectPhoto=), ReadListResult(projectId=827f91f8-db7c-45c0-bd77-4b3cf74e11df, projectName=dsohgosidhgshg, projectPeopleNums=0, projectMoneyNow=0.0, projectPhoto=)]}, message=success}
2020-12-27 11:43:04.056 [http-nio-8088-exec-7] INFO  com.gdut.fundraising.handler.ControllerLogAop - --------------->日志打印ing<------------- : 
2020-12-27 11:43:05.366 [http-nio-8088-exec-7] INFO  com.gdut.fundraising.handler.ControllerLogAop - ---->请求URL : http://localhost:8088/fundraising/user/readProjectList
2020-12-27 11:43:05.366 [http-nio-8088-exec-7] INFO  com.gdut.fundraising.handler.ControllerLogAop - ---->HTTP方法 : GET
2020-12-27 11:43:05.366 [http-nio-8088-exec-7] INFO  com.gdut.fundraising.handler.ControllerLogAop - IP : 127.0.0.1
2020-12-27 11:43:05.749 [http-nio-8088-exec-7] INFO  com.gdut.fundraising.handler.ControllerLogAop - ---->方法名 : com.gdut.fundraising.controller.user.User.readProjectList
2020-12-27 11:43:05.749 [http-nio-8088-exec-7] INFO  com.gdut.fundraising.handler.ControllerLogAop - ---->参数值 : [0, 4]
2020-12-27 11:43:16.340 [http-nio-8088-exec-7] INFO  com.gdut.fundraising.handler.ControllerLogAop - 返回体 : {code=100, data={pageIndex=0, totalPage=2, pageSize=4, project=[ReadListResult(projectId=092361f8-533c-47ef-a244-1f2bd3b6e2b2, projectName=就不能给我钱？, projectPeopleNums=1, projectMoneyNow=1000.0, projectPhoto=null), ReadListResult(projectId=1, projectName=项目名字, projectPeopleNums=4, projectMoneyNow=1300.0, projectPhoto=http://localhost:8080/fundraising/photo/9aa177ae-e33f-4747-a2a4-dc9415cfd8c0.jpg), ReadListResult(projectId=4, projectName=项目名字, projectPeopleNums=0, projectMoneyNow=0.0, projectPhoto=), ReadListResult(projectId=827f91f8-db7c-45c0-bd77-4b3cf74e11df, projectName=dsohgosidhgshg, projectPeopleNums=0, projectMoneyNow=0.0, projectPhoto=)]}, message=success}
2020-12-27 11:44:39.364 [http-nio-8088-exec-8] INFO  com.gdut.fundraising.handler.ControllerLogAop - --------------->日志打印ing<------------- : 
2020-12-27 11:44:39.384 [http-nio-8088-exec-8] INFO  com.gdut.fundraising.handler.ControllerLogAop - ---->请求URL : http://localhost:8088/fundraising/user/readProjectList
2020-12-27 11:44:39.400 [http-nio-8088-exec-8] INFO  com.gdut.fundraising.handler.ControllerLogAop - ---->HTTP方法 : GET
2020-12-27 11:44:39.400 [http-nio-8088-exec-8] INFO  com.gdut.fundraising.handler.ControllerLogAop - IP : 127.0.0.1
2020-12-27 11:44:39.400 [http-nio-8088-exec-8] INFO  com.gdut.fundraising.handler.ControllerLogAop - ---->方法名 : com.gdut.fundraising.controller.user.User.readProjectList
2020-12-27 11:44:39.400 [http-nio-8088-exec-8] INFO  com.gdut.fundraising.handler.ControllerLogAop - ---->参数值 : [0, 4]
2020-12-27 11:44:39.544 [http-nio-8088-exec-8] INFO  com.gdut.fundraising.handler.ControllerLogAop - 返回体 : {code=100, data={pageIndex=0, totalPage=2, pageSize=4, project=[ReadListResult(projectId=092361f8-533c-47ef-a244-1f2bd3b6e2b2, projectName=就不能给我钱？, projectPeopleNums=1, projectMoneyNow=1000.0, projectPhoto=null), ReadListResult(projectId=1, projectName=项目名字, projectPeopleNums=4, projectMoneyNow=1300.0, projectPhoto=http://localhost:8080/fundraising/photo/9aa177ae-e33f-4747-a2a4-dc9415cfd8c0.jpg), ReadListResult(projectId=4, projectName=项目名字, projectPeopleNums=0, projectMoneyNow=0.0, projectPhoto=), ReadListResult(projectId=827f91f8-db7c-45c0-bd77-4b3cf74e11df, projectName=dsohgosidhgshg, projectPeopleNums=0, projectMoneyNow=0.0, projectPhoto=)]}, message=success}
2020-12-27 11:44:56.640 [http-nio-8088-exec-9] INFO  com.gdut.fundraising.handler.ControllerLogAop - --------------->日志打印ing<------------- : 
2020-12-27 11:44:57.096 [http-nio-8088-exec-9] INFO  com.gdut.fundraising.handler.ControllerLogAop - ---->请求URL : http://localhost:8088/fundraising/user/readProjectList
2020-12-27 11:44:57.096 [http-nio-8088-exec-9] INFO  com.gdut.fundraising.handler.ControllerLogAop - ---->HTTP方法 : GET
2020-12-27 11:44:57.096 [http-nio-8088-exec-9] INFO  com.gdut.fundraising.handler.ControllerLogAop - IP : 127.0.0.1
2020-12-27 11:44:57.096 [http-nio-8088-exec-9] INFO  com.gdut.fundraising.handler.ControllerLogAop - ---->方法名 : com.gdut.fundraising.controller.user.User.readProjectList
2020-12-27 11:44:57.096 [http-nio-8088-exec-9] INFO  com.gdut.fundraising.handler.ControllerLogAop - ---->参数值 : [0, 4]
2020-12-27 11:44:57.150 [http-nio-8088-exec-9] INFO  com.gdut.fundraising.handler.ControllerLogAop - 返回体 : {code=100, data={pageIndex=0, totalPage=2, pageSize=4, project=[ReadListResult(projectId=092361f8-533c-47ef-a244-1f2bd3b6e2b2, projectName=就不能给我钱？, projectPeopleNums=1, projectMoneyNow=1000.0, projectPhoto=null), ReadListResult(projectId=1, projectName=项目名字, projectPeopleNums=4, projectMoneyNow=1300.0, projectPhoto=http://localhost:8080/fundraising/photo/9aa177ae-e33f-4747-a2a4-dc9415cfd8c0.jpg), ReadListResult(projectId=4, projectName=项目名字, projectPeopleNums=0, projectMoneyNow=0.0, projectPhoto=), ReadListResult(projectId=827f91f8-db7c-45c0-bd77-4b3cf74e11df, projectName=dsohgosidhgshg, projectPeopleNums=0, projectMoneyNow=0.0, projectPhoto=)]}, message=success}
2020-12-27 11:45:16.952 [http-nio-8088-exec-10] INFO  com.gdut.fundraising.handler.ControllerLogAop - --------------->日志打印ing<------------- : 
2020-12-27 11:45:16.953 [http-nio-8088-exec-10] INFO  com.gdut.fundraising.handler.ControllerLogAop - ---->请求URL : http://localhost:8088/fundraising/user/readProjectList
2020-12-27 11:45:16.953 [http-nio-8088-exec-10] INFO  com.gdut.fundraising.handler.ControllerLogAop - ---->HTTP方法 : GET
2020-12-27 11:45:16.953 [http-nio-8088-exec-10] INFO  com.gdut.fundraising.handler.ControllerLogAop - IP : 127.0.0.1
2020-12-27 11:45:16.953 [http-nio-8088-exec-10] INFO  com.gdut.fundraising.handler.ControllerLogAop - ---->方法名 : com.gdut.fundraising.controller.user.User.readProjectList
2020-12-27 11:45:16.953 [http-nio-8088-exec-10] INFO  com.gdut.fundraising.handler.ControllerLogAop - ---->参数值 : [0, 4]
2020-12-27 11:45:16.958 [http-nio-8088-exec-10] INFO  com.gdut.fundraising.handler.ControllerLogAop - 返回体 : {code=100, data={pageIndex=0, totalPage=2, pageSize=4, project=[ReadListResult(projectId=092361f8-533c-47ef-a244-1f2bd3b6e2b2, projectName=就不能给我钱？, projectPeopleNums=1, projectMoneyNow=1000.0, projectPhoto=null), ReadListResult(projectId=1, projectName=项目名字, projectPeopleNums=4, projectMoneyNow=1300.0, projectPhoto=http://localhost:8080/fundraising/photo/9aa177ae-e33f-4747-a2a4-dc9415cfd8c0.jpg), ReadListResult(projectId=4, projectName=项目名字, projectPeopleNums=0, projectMoneyNow=0.0, projectPhoto=), ReadListResult(projectId=827f91f8-db7c-45c0-bd77-4b3cf74e11df, projectName=dsohgosidhgshg, projectPeopleNums=0, projectMoneyNow=0.0, projectPhoto=)]}, message=success}
2020-12-27 11:45:40.344 [http-nio-8088-exec-1] INFO  com.gdut.fundraising.handler.ControllerLogAop - --------------->日志打印ing<------------- : 
2020-12-27 11:45:40.344 [http-nio-8088-exec-1] INFO  com.gdut.fundraising.handler.ControllerLogAop - ---->请求URL : http://localhost:8088/fundraising/user/readProjectList
2020-12-27 11:45:40.345 [http-nio-8088-exec-1] INFO  com.gdut.fundraising.handler.ControllerLogAop - ---->HTTP方法 : GET
2020-12-27 11:45:40.345 [http-nio-8088-exec-1] INFO  com.gdut.fundraising.handler.ControllerLogAop - IP : 127.0.0.1
2020-12-27 11:45:40.361 [http-nio-8088-exec-1] INFO  com.gdut.fundraising.handler.ControllerLogAop - ---->方法名 : com.gdut.fundraising.controller.user.User.readProjectList
2020-12-27 11:45:40.361 [http-nio-8088-exec-1] INFO  com.gdut.fundraising.handler.ControllerLogAop - ---->参数值 : [0, 4]
2020-12-27 11:45:40.384 [http-nio-8088-exec-1] INFO  com.gdut.fundraising.handler.ControllerLogAop - 返回体 : {code=100, data={pageIndex=0, totalPage=2, pageSize=4, project=[ReadListResult(projectId=092361f8-533c-47ef-a244-1f2bd3b6e2b2, projectName=就不能给我钱？, projectPeopleNums=1, projectMoneyNow=1000.0, projectPhoto=null), ReadListResult(projectId=1, projectName=项目名字, projectPeopleNums=4, projectMoneyNow=1300.0, projectPhoto=http://localhost:8080/fundraising/photo/9aa177ae-e33f-4747-a2a4-dc9415cfd8c0.jpg), ReadListResult(projectId=4, projectName=项目名字, projectPeopleNums=0, projectMoneyNow=0.0, projectPhoto=), ReadListResult(projectId=827f91f8-db7c-45c0-bd77-4b3cf74e11df, projectName=dsohgosidhgshg, projectPeopleNums=0, projectMoneyNow=0.0, projectPhoto=)]}, message=success}
2020-12-27 11:46:05.509 [http-nio-8088-exec-2] INFO  com.gdut.fundraising.handler.ControllerLogAop - --------------->日志打印ing<------------- : 
2020-12-27 11:46:05.510 [http-nio-8088-exec-2] INFO  com.gdut.fundraising.handler.ControllerLogAop - ---->请求URL : http://localhost:8088/fundraising/user/readProjectList
2020-12-27 11:46:05.510 [http-nio-8088-exec-2] INFO  com.gdut.fundraising.handler.ControllerLogAop - ---->HTTP方法 : GET
2020-12-27 11:46:05.510 [http-nio-8088-exec-2] INFO  com.gdut.fundraising.handler.ControllerLogAop - IP : 127.0.0.1
2020-12-27 11:46:05.510 [http-nio-8088-exec-2] INFO  com.gdut.fundraising.handler.ControllerLogAop - ---->方法名 : com.gdut.fundraising.controller.user.User.readProjectList
2020-12-27 11:46:05.510 [http-nio-8088-exec-2] INFO  com.gdut.fundraising.handler.ControllerLogAop - ---->参数值 : [0, 4]
2020-12-27 11:46:05.529 [http-nio-8088-exec-2] INFO  com.gdut.fundraising.handler.ControllerLogAop - 返回体 : {code=100, data={pageIndex=0, totalPage=2, pageSize=4, project=[ReadListResult(projectId=092361f8-533c-47ef-a244-1f2bd3b6e2b2, projectName=就不能给我钱？, projectPeopleNums=1, projectMoneyNow=1000.0, projectPhoto=null), ReadListResult(projectId=1, projectName=项目名字, projectPeopleNums=4, projectMoneyNow=1300.0, projectPhoto=http://localhost:8080/fundraising/photo/9aa177ae-e33f-4747-a2a4-dc9415cfd8c0.jpg), ReadListResult(projectId=4, projectName=项目名字, projectPeopleNums=0, projectMoneyNow=0.0, projectPhoto=), ReadListResult(projectId=827f91f8-db7c-45c0-bd77-4b3cf74e11df, projectName=dsohgosidhgshg, projectPeopleNums=0, projectMoneyNow=0.0, projectPhoto=)]}, message=success}
2020-12-27 11:46:08.513 [http-nio-8088-exec-3] INFO  com.gdut.fundraising.handler.ControllerLogAop - --------------->日志打印ing<------------- : 
2020-12-27 11:46:08.513 [http-nio-8088-exec-3] INFO  com.gdut.fundraising.handler.ControllerLogAop - ---->请求URL : http://localhost:8088/fundraising/user/readProjectList
2020-12-27 11:46:08.514 [http-nio-8088-exec-3] INFO  com.gdut.fundraising.handler.ControllerLogAop - ---->HTTP方法 : GET
2020-12-27 11:46:08.514 [http-nio-8088-exec-3] INFO  com.gdut.fundraising.handler.ControllerLogAop - IP : 127.0.0.1
2020-12-27 11:46:08.528 [http-nio-8088-exec-3] INFO  com.gdut.fundraising.handler.ControllerLogAop - ---->方法名 : com.gdut.fundraising.controller.user.User.readProjectList
2020-12-27 11:46:08.528 [http-nio-8088-exec-3] INFO  com.gdut.fundraising.handler.ControllerLogAop - ---->参数值 : [0, 4]
2020-12-27 11:46:08.610 [http-nio-8088-exec-3] INFO  com.gdut.fundraising.handler.ControllerLogAop - 返回体 : {code=100, data={pageIndex=0, totalPage=2, pageSize=4, project=[ReadListResult(projectId=092361f8-533c-47ef-a244-1f2bd3b6e2b2, projectName=就不能给我钱？, projectPeopleNums=1, projectMoneyNow=1000.0, projectPhoto=null), ReadListResult(projectId=1, projectName=项目名字, projectPeopleNums=4, projectMoneyNow=1300.0, projectPhoto=http://localhost:8080/fundraising/photo/9aa177ae-e33f-4747-a2a4-dc9415cfd8c0.jpg), ReadListResult(projectId=4, projectName=项目名字, projectPeopleNums=0, projectMoneyNow=0.0, projectPhoto=), ReadListResult(projectId=827f91f8-db7c-45c0-bd77-4b3cf74e11df, projectName=dsohgosidhgshg, projectPeopleNums=0, projectMoneyNow=0.0, projectPhoto=)]}, message=success}
2020-12-27 11:46:30.813 [http-nio-8088-exec-4] INFO  com.gdut.fundraising.handler.ControllerLogAop - --------------->日志打印ing<------------- : 
2020-12-27 11:46:30.814 [http-nio-8088-exec-4] INFO  com.gdut.fundraising.handler.ControllerLogAop - ---->请求URL : http://localhost:8088/fundraising/user/readProjectList
2020-12-27 11:46:30.814 [http-nio-8088-exec-4] INFO  com.gdut.fundraising.handler.ControllerLogAop - ---->HTTP方法 : GET
2020-12-27 11:46:30.814 [http-nio-8088-exec-4] INFO  com.gdut.fundraising.handler.ControllerLogAop - IP : 127.0.0.1
2020-12-27 11:46:30.814 [http-nio-8088-exec-4] INFO  com.gdut.fundraising.handler.ControllerLogAop - ---->方法名 : com.gdut.fundraising.controller.user.User.readProjectList
2020-12-27 11:46:30.814 [http-nio-8088-exec-4] INFO  com.gdut.fundraising.handler.ControllerLogAop - ---->参数值 : [0, 4]
2020-12-27 11:46:30.839 [http-nio-8088-exec-4] INFO  com.gdut.fundraising.handler.ControllerLogAop - 返回体 : {code=100, data={pageIndex=0, totalPage=2, pageSize=4, project=[ReadListResult(projectId=092361f8-533c-47ef-a244-1f2bd3b6e2b2, projectName=就不能给我钱？, projectPeopleNums=1, projectMoneyNow=1000.0, projectPhoto=null), ReadListResult(projectId=1, projectName=项目名字, projectPeopleNums=4, projectMoneyNow=1300.0, projectPhoto=http://localhost:8080/fundraising/photo/9aa177ae-e33f-4747-a2a4-dc9415cfd8c0.jpg), ReadListResult(projectId=4, projectName=项目名字, projectPeopleNums=0, projectMoneyNow=0.0, projectPhoto=), ReadListResult(projectId=827f91f8-db7c-45c0-bd77-4b3cf74e11df, projectName=dsohgosidhgshg, projectPeopleNums=0, projectMoneyNow=0.0, projectPhoto=)]}, message=success}
2020-12-27 11:46:32.303 [http-nio-8088-exec-5] INFO  com.gdut.fundraising.handler.ControllerLogAop - --------------->日志打印ing<------------- : 
2020-12-27 11:46:32.303 [http-nio-8088-exec-5] INFO  com.gdut.fundraising.handler.ControllerLogAop - ---->请求URL : http://localhost:8088/fundraising/user/readProjectList
2020-12-27 11:46:32.303 [http-nio-8088-exec-5] INFO  com.gdut.fundraising.handler.ControllerLogAop - ---->HTTP方法 : GET
2020-12-27 11:46:32.304 [http-nio-8088-exec-5] INFO  com.gdut.fundraising.handler.ControllerLogAop - IP : 127.0.0.1
2020-12-27 11:46:32.304 [http-nio-8088-exec-5] INFO  com.gdut.fundraising.handler.ControllerLogAop - ---->方法名 : com.gdut.fundraising.controller.user.User.readProjectList
2020-12-27 11:46:32.304 [http-nio-8088-exec-5] INFO  com.gdut.fundraising.handler.ControllerLogAop - ---->参数值 : [0, 4]
2020-12-27 11:46:32.309 [http-nio-8088-exec-5] INFO  com.gdut.fundraising.handler.ControllerLogAop - 返回体 : {code=100, data={pageIndex=0, totalPage=2, pageSize=4, project=[ReadListResult(projectId=092361f8-533c-47ef-a244-1f2bd3b6e2b2, projectName=就不能给我钱？, projectPeopleNums=1, projectMoneyNow=1000.0, projectPhoto=null), ReadListResult(projectId=1, projectName=项目名字, projectPeopleNums=4, projectMoneyNow=1300.0, projectPhoto=http://localhost:8080/fundraising/photo/9aa177ae-e33f-4747-a2a4-dc9415cfd8c0.jpg), ReadListResult(projectId=4, projectName=项目名字, projectPeopleNums=0, projectMoneyNow=0.0, projectPhoto=), ReadListResult(projectId=827f91f8-db7c-45c0-bd77-4b3cf74e11df, projectName=dsohgosidhgshg, projectPeopleNums=0, projectMoneyNow=0.0, projectPhoto=)]}, message=success}
2020-12-27 14:37:53.936 [main] INFO  com.gdut.fundraising.FundraisingApplication - Starting FundraisingApplication on DESKTOP-0LLU013 with PID 15544 (D:\GIT_RES\java管理系统\fundraising\target\classes started by Lenovo in D:\GIT_RES\java管理系统\fundraising)
2020-12-27 14:37:53.986 [main] INFO  com.gdut.fundraising.FundraisingApplication - The following profiles are active: dev
2020-12-27 14:37:58.299 [main] INFO  o.s.boot.web.embedded.tomcat.TomcatWebServer - Tomcat initialized with port(s): 8088 (http)
2020-12-27 14:37:58.336 [main] INFO  org.apache.coyote.http11.Http11NioProtocol - Initializing ProtocolHandler ["http-nio-8088"]
2020-12-27 14:37:58.337 [main] INFO  org.apache.catalina.core.StandardService - Starting service [Tomcat]
2020-12-27 14:37:58.337 [main] INFO  org.apache.catalina.core.StandardEngine - Starting Servlet engine: [Apache Tomcat/9.0.38]
2020-12-27 14:37:58.880 [main] INFO  o.a.c.c.C.[Tomcat].[localhost].[/fundraising] - Initializing Spring embedded WebApplicationContext
2020-12-27 14:37:58.881 [main] INFO  o.s.b.w.s.c.ServletWebServerApplicationContext - Root WebApplicationContext: initialization completed in 4753 ms
2020-12-27 14:38:00.557 [main] INFO  o.s.scheduling.concurrent.ThreadPoolTaskExecutor - Initializing ExecutorService 'applicationTaskExecutor'
2020-12-27 14:38:02.012 [main] INFO  org.apache.coyote.http11.Http11NioProtocol - Starting ProtocolHandler ["http-nio-8088"]
2020-12-27 14:38:02.083 [main] INFO  o.s.boot.web.embedded.tomcat.TomcatWebServer - Tomcat started on port(s): 8088 (http) with context path '/fundraising'
2020-12-27 14:38:02.143 [main] INFO  com.gdut.fundraising.FundraisingApplication - Started FundraisingApplication in 13.813 seconds (JVM running for 18.849)
2020-12-27 14:40:23.804 [http-nio-8088-exec-1] INFO  o.a.c.c.C.[Tomcat].[localhost].[/fundraising] - Initializing Spring DispatcherServlet 'dispatcherServlet'
2020-12-27 14:40:23.805 [http-nio-8088-exec-1] INFO  org.springframework.web.servlet.DispatcherServlet - Initializing Servlet 'dispatcherServlet'
2020-12-27 14:40:23.819 [http-nio-8088-exec-1] INFO  org.springframework.web.servlet.DispatcherServlet - Completed initialization in 14 ms
2020-12-27 14:41:37.000 [http-nio-8088-exec-5] INFO  com.gdut.fundraising.handler.ControllerLogAop - --------------->日志打印ing<------------- : 
2020-12-27 14:41:37.004 [http-nio-8088-exec-5] INFO  com.gdut.fundraising.handler.ControllerLogAop - ---->请求URL : http://localhost:8088/fundraising/user/readProjectList
2020-12-27 14:41:37.004 [http-nio-8088-exec-5] INFO  com.gdut.fundraising.handler.ControllerLogAop - ---->HTTP方法 : GET
2020-12-27 14:41:37.005 [http-nio-8088-exec-5] INFO  com.gdut.fundraising.handler.ControllerLogAop - IP : 127.0.0.1
2020-12-27 14:41:37.007 [http-nio-8088-exec-5] INFO  com.gdut.fundraising.handler.ControllerLogAop - ---->方法名 : com.gdut.fundraising.controller.user.User.readProjectList
2020-12-27 14:41:37.008 [http-nio-8088-exec-5] INFO  com.gdut.fundraising.handler.ControllerLogAop - ---->参数值 : [0, 4]
2020-12-27 14:41:37.100 [http-nio-8088-exec-5] INFO  com.zaxxer.hikari.HikariDataSource - HikariPool-1 - Starting...
2020-12-27 14:41:37.875 [http-nio-8088-exec-5] INFO  com.zaxxer.hikari.HikariDataSource - HikariPool-1 - Start completed.
2020-12-27 14:41:38.135 [http-nio-8088-exec-5] INFO  com.gdut.fundraising.handler.ControllerLogAop - 返回体 : {code=100, data={pageIndex=0, totalPage=2, pageSize=4, project=[ReadListResult(projectId=092361f8-533c-47ef-a244-1f2bd3b6e2b2, projectName=就不能给我钱？, projectPeopleNums=1, projectMoneyNow=1000.0, projectPhoto=null), ReadListResult(projectId=1, projectName=项目名字, projectPeopleNums=4, projectMoneyNow=1300.0, projectPhoto=http://localhost:8080/fundraising/photo/9aa177ae-e33f-4747-a2a4-dc9415cfd8c0.jpg), ReadListResult(projectId=4, projectName=项目名字, projectPeopleNums=0, projectMoneyNow=0.0, projectPhoto=), ReadListResult(projectId=827f91f8-db7c-45c0-bd77-4b3cf74e11df, projectName=dsohgosidhgshg, projectPeopleNums=0, projectMoneyNow=0.0, projectPhoto=)]}, message=success}
2020-12-27 14:44:21.264 [http-nio-8088-exec-9] INFO  com.gdut.fundraising.handler.ControllerLogAop - --------------->日志打印ing<------------- : 
2020-12-27 14:44:21.265 [http-nio-8088-exec-9] INFO  com.gdut.fundraising.handler.ControllerLogAop - ---->请求URL : http://localhost:8088/fundraising/user/readProjectList
2020-12-27 14:44:21.265 [http-nio-8088-exec-9] INFO  com.gdut.fundraising.handler.ControllerLogAop - ---->HTTP方法 : GET
2020-12-27 14:44:21.265 [http-nio-8088-exec-9] INFO  com.gdut.fundraising.handler.ControllerLogAop - IP : 127.0.0.1
2020-12-27 14:44:21.265 [http-nio-8088-exec-9] INFO  com.gdut.fundraising.handler.ControllerLogAop - ---->方法名 : com.gdut.fundraising.controller.user.User.readProjectList
2020-12-27 14:44:21.265 [http-nio-8088-exec-9] INFO  com.gdut.fundraising.handler.ControllerLogAop - ---->参数值 : [0, 4]
2020-12-27 14:44:21.279 [http-nio-8088-exec-9] INFO  com.gdut.fundraising.handler.ControllerLogAop - 返回体 : {code=100, data={pageIndex=0, totalPage=2, pageSize=4, project=[ReadListResult(projectId=092361f8-533c-47ef-a244-1f2bd3b6e2b2, projectName=就不能给我钱？, projectPeopleNums=1, projectMoneyNow=1000.0, projectPhoto=null), ReadListResult(projectId=1, projectName=项目名字, projectPeopleNums=4, projectMoneyNow=1300.0, projectPhoto=http://localhost:8088/fundraising/photo/9aa177ae-e33f-4747-a2a4-dc9415cfd8c0.jpg), ReadListResult(projectId=4, projectName=项目名字, projectPeopleNums=0, projectMoneyNow=0.0, projectPhoto=), ReadListResult(projectId=827f91f8-db7c-45c0-bd77-4b3cf74e11df, projectName=dsohgosidhgshg, projectPeopleNums=0, projectMoneyNow=0.0, projectPhoto=)]}, message=success}
2020-12-27 14:45:46.073 [http-nio-8088-exec-10] INFO  com.gdut.fundraising.handler.ControllerLogAop - --------------->日志打印ing<------------- : 
2020-12-27 14:45:46.074 [http-nio-8088-exec-10] INFO  com.gdut.fundraising.handler.ControllerLogAop - ---->请求URL : http://localhost:8088/fundraising/user/readProjectList
2020-12-27 14:45:46.074 [http-nio-8088-exec-10] INFO  com.gdut.fundraising.handler.ControllerLogAop - ---->HTTP方法 : GET
2020-12-27 14:45:46.074 [http-nio-8088-exec-10] INFO  com.gdut.fundraising.handler.ControllerLogAop - IP : 127.0.0.1
2020-12-27 14:45:46.075 [http-nio-8088-exec-10] INFO  com.gdut.fundraising.handler.ControllerLogAop - ---->方法名 : com.gdut.fundraising.controller.user.User.readProjectList
2020-12-27 14:45:46.075 [http-nio-8088-exec-10] INFO  com.gdut.fundraising.handler.ControllerLogAop - ---->参数值 : [0, 4]
2020-12-27 14:45:46.083 [http-nio-8088-exec-10] INFO  com.gdut.fundraising.handler.ControllerLogAop - 返回体 : {code=100, data={pageIndex=0, totalPage=2, pageSize=4, project=[ReadListResult(projectId=092361f8-533c-47ef-a244-1f2bd3b6e2b2, projectName=就不能给我钱？, projectPeopleNums=1, projectMoneyNow=1000.0, projectPhoto=null), ReadListResult(projectId=1, projectName=项目名字, projectPeopleNums=4, projectMoneyNow=1300.0, projectPhoto=http://localhost:8088/fundraising/photo/9aa177ae-e33f-4747-a2a4-dc9415cfd8c0.jpg), ReadListResult(projectId=4, projectName=项目名字, projectPeopleNums=0, projectMoneyNow=0.0, projectPhoto=), ReadListResult(projectId=827f91f8-db7c-45c0-bd77-4b3cf74e11df, projectName=dsohgosidhgshg, projectPeopleNums=0, projectMoneyNow=0.0, projectPhoto=)]}, message=success}
2020-12-27 14:47:04.016 [http-nio-8088-exec-1] INFO  com.gdut.fundraising.handler.ControllerLogAop - --------------->日志打印ing<------------- : 
2020-12-27 14:47:04.016 [http-nio-8088-exec-1] INFO  com.gdut.fundraising.handler.ControllerLogAop - ---->请求URL : http://localhost:8088/fundraising/user/readProjectList
2020-12-27 14:47:04.017 [http-nio-8088-exec-1] INFO  com.gdut.fundraising.handler.ControllerLogAop - ---->HTTP方法 : GET
2020-12-27 14:47:04.017 [http-nio-8088-exec-1] INFO  com.gdut.fundraising.handler.ControllerLogAop - IP : 127.0.0.1
2020-12-27 14:47:04.017 [http-nio-8088-exec-1] INFO  com.gdut.fundraising.handler.ControllerLogAop - ---->方法名 : com.gdut.fundraising.controller.user.User.readProjectList
2020-12-27 14:47:04.017 [http-nio-8088-exec-1] INFO  com.gdut.fundraising.handler.ControllerLogAop - ---->参数值 : [0, 4]
2020-12-27 14:47:04.026 [http-nio-8088-exec-1] INFO  com.gdut.fundraising.handler.ControllerLogAop - 返回体 : {code=100, data={pageIndex=0, totalPage=2, pageSize=4, project=[ReadListResult(projectId=092361f8-533c-47ef-a244-1f2bd3b6e2b2, projectName=就不能给我钱？, projectPeopleNums=1, projectMoneyNow=1000.0, projectPhoto=null), ReadListResult(projectId=1, projectName=项目名字, projectPeopleNums=4, projectMoneyNow=1300.0, projectPhoto=http://localhost:8088/fundraising/photo/9aa177ae-e33f-4747-a2a4-dc9415cfd8c0.jpg), ReadListResult(projectId=4, projectName=项目名字, projectPeopleNums=0, projectMoneyNow=0.0, projectPhoto=), ReadListResult(projectId=827f91f8-db7c-45c0-bd77-4b3cf74e11df, projectName=dsohgosidhgshg, projectPeopleNums=0, projectMoneyNow=0.0, projectPhoto=)]}, message=success}
2020-12-27 14:48:45.863 [http-nio-8088-exec-2] INFO  com.gdut.fundraising.handler.ControllerLogAop - --------------->日志打印ing<------------- : 
2020-12-27 14:48:45.864 [http-nio-8088-exec-2] INFO  com.gdut.fundraising.handler.ControllerLogAop - ---->请求URL : http://localhost:8088/fundraising/user/readProjectList
2020-12-27 14:48:45.864 [http-nio-8088-exec-2] INFO  com.gdut.fundraising.handler.ControllerLogAop - ---->HTTP方法 : GET
2020-12-27 14:48:45.864 [http-nio-8088-exec-2] INFO  com.gdut.fundraising.handler.ControllerLogAop - IP : 127.0.0.1
2020-12-27 14:48:45.864 [http-nio-8088-exec-2] INFO  com.gdut.fundraising.handler.ControllerLogAop - ---->方法名 : com.gdut.fundraising.controller.user.User.readProjectList
2020-12-27 14:48:45.864 [http-nio-8088-exec-2] INFO  com.gdut.fundraising.handler.ControllerLogAop - ---->参数值 : [0, 4]
2020-12-27 14:48:45.870 [http-nio-8088-exec-2] INFO  com.gdut.fundraising.handler.ControllerLogAop - 返回体 : {code=100, data={pageIndex=0, totalPage=2, pageSize=4, project=[ReadListResult(projectId=092361f8-533c-47ef-a244-1f2bd3b6e2b2, projectName=就不能给我钱？, projectPeopleNums=1, projectMoneyNow=1000.0, projectPhoto=null), ReadListResult(projectId=1, projectName=项目名字, projectPeopleNums=4, projectMoneyNow=1300.0, projectPhoto=http://localhost:8088/fundraising/photo/9aa177ae-e33f-4747-a2a4-dc9415cfd8c0.jpg), ReadListResult(projectId=4, projectName=项目名字, projectPeopleNums=0, projectMoneyNow=0.0, projectPhoto=), ReadListResult(projectId=827f91f8-db7c-45c0-bd77-4b3cf74e11df, projectName=dsohgosidhgshg, projectPeopleNums=0, projectMoneyNow=0.0, projectPhoto=)]}, message=success}
2020-12-27 14:48:47.063 [http-nio-8088-exec-4] INFO  com.gdut.fundraising.handler.ControllerLogAop - --------------->日志打印ing<------------- : 
2020-12-27 14:48:47.063 [http-nio-8088-exec-4] INFO  com.gdut.fundraising.handler.ControllerLogAop - ---->请求URL : http://localhost:8088/fundraising/user/readProjectList
2020-12-27 14:48:47.064 [http-nio-8088-exec-4] INFO  com.gdut.fundraising.handler.ControllerLogAop - ---->HTTP方法 : GET
2020-12-27 14:48:47.064 [http-nio-8088-exec-4] INFO  com.gdut.fundraising.handler.ControllerLogAop - IP : 127.0.0.1
2020-12-27 14:48:47.064 [http-nio-8088-exec-4] INFO  com.gdut.fundraising.handler.ControllerLogAop - ---->方法名 : com.gdut.fundraising.controller.user.User.readProjectList
2020-12-27 14:48:47.064 [http-nio-8088-exec-4] INFO  com.gdut.fundraising.handler.ControllerLogAop - ---->参数值 : [0, 4]
2020-12-27 14:48:47.073 [http-nio-8088-exec-4] INFO  com.gdut.fundraising.handler.ControllerLogAop - 返回体 : {code=100, data={pageIndex=0, totalPage=2, pageSize=4, project=[ReadListResult(projectId=092361f8-533c-47ef-a244-1f2bd3b6e2b2, projectName=就不能给我钱？, projectPeopleNums=1, projectMoneyNow=1000.0, projectPhoto=null), ReadListResult(projectId=1, projectName=项目名字, projectPeopleNums=4, projectMoneyNow=1300.0, projectPhoto=http://localhost:8088/fundraising/photo/9aa177ae-e33f-4747-a2a4-dc9415cfd8c0.jpg), ReadListResult(projectId=4, projectName=项目名字, projectPeopleNums=0, projectMoneyNow=0.0, projectPhoto=), ReadListResult(projectId=827f91f8-db7c-45c0-bd77-4b3cf74e11df, projectName=dsohgosidhgshg, projectPeopleNums=0, projectMoneyNow=0.0, projectPhoto=)]}, message=success}
2020-12-27 14:53:48.039 [http-nio-8088-exec-3] INFO  com.gdut.fundraising.handler.ControllerLogAop - --------------->日志打印ing<------------- : 
2020-12-27 14:53:48.040 [http-nio-8088-exec-3] INFO  com.gdut.fundraising.handler.ControllerLogAop - ---->请求URL : http://localhost:8088/fundraising/user/readProjectList
2020-12-27 14:53:48.040 [http-nio-8088-exec-3] INFO  com.gdut.fundraising.handler.ControllerLogAop - ---->HTTP方法 : GET
2020-12-27 14:53:48.040 [http-nio-8088-exec-3] INFO  com.gdut.fundraising.handler.ControllerLogAop - IP : 127.0.0.1
2020-12-27 14:53:48.040 [http-nio-8088-exec-3] INFO  com.gdut.fundraising.handler.ControllerLogAop - ---->方法名 : com.gdut.fundraising.controller.user.User.readProjectList
2020-12-27 14:53:48.040 [http-nio-8088-exec-3] INFO  com.gdut.fundraising.handler.ControllerLogAop - ---->参数值 : [0, 4]
2020-12-27 14:53:48.049 [http-nio-8088-exec-3] INFO  com.gdut.fundraising.handler.ControllerLogAop - 返回体 : {code=100, data={pageIndex=0, totalPage=2, pageSize=4, project=[ReadListResult(projectId=092361f8-533c-47ef-a244-1f2bd3b6e2b2, projectName=就不能给我钱？, projectPeopleNums=1, projectMoneyNow=1000.0, projectPhoto=http://localhost:8088/fundraising/photo/a79a2ff9-0d75-4f5d-8315-d843c0fab411.jpg), ReadListResult(projectId=1, projectName=项目名字, projectPeopleNums=4, projectMoneyNow=1300.0, projectPhoto=http://localhost:8088/fundraising/photo/9aa177ae-e33f-4747-a2a4-dc9415cfd8c0.jpg), ReadListResult(projectId=4, projectName=项目名字, projectPeopleNums=0, projectMoneyNow=0.0, projectPhoto=http://localhost:8088/fundraising/photo/a79a2ff9-0d75-4f5d-8315-d843c0fab411.jpg), ReadListResult(projectId=827f91f8-db7c-45c0-bd77-4b3cf74e11df, projectName=dsohgosidhgshg, projectPeopleNums=0, projectMoneyNow=0.0, projectPhoto=http://localhost:8088/fundraising/photo/a79a2ff9-0d75-4f5d-8315-d843c0fab411.jpg)]}, message=success}
