2020-12-27 00:44:28.435 [main] DEBUG com.gdut.fundraising.FundraisingApplication - Running with Spring Boot v2.3.4.RELEASE, Spring v5.2.9.RELEASE
2020-12-27 00:49:33.033 [http-nio-8088-exec-3] DEBUG com.gdut.fundraising.mapper.UserMapper.login - ==>  Preparing: select * from user_tbl where user_phone=? and user_password=?
2020-12-27 00:49:33.204 [http-nio-8088-exec-3] DEBUG com.gdut.fundraising.mapper.UserMapper.login - ==> Parameters: 1(String), 1(String)
2020-12-27 00:49:35.275 [http-nio-8088-exec-3] DEBUG com.gdut.fundraising.mapper.UserMapper.login - <==      Total: 1
2020-12-27 00:50:01.862 [http-nio-8088-exec-3] DEBUG com.gdut.fundraising.mapper.UserMapper.updateToken - ==>  Preparing: update user_tbl set user_token=? where user_phone=? and user_password=?
2020-12-27 00:50:02.184 [http-nio-8088-exec-3] DEBUG com.gdut.fundraising.mapper.UserMapper.updateToken - ==> Parameters: eyJ0eXAiOiJKV1QiLCJhbGciOiJIUzI1NiJ9.eyJhdWQiOiJudWxsIiwidGltZSI6MTYwOTAwMTM3NX0.OLp-M32NlavNM5iFmsM571p5jg48UscmFXfQDKJk0k0(String), 1(String), 1(String)
2020-12-27 00:50:04.810 [http-nio-8088-exec-3] DEBUG com.gdut.fundraising.mapper.UserMapper.updateToken - <==    Updates: 1
2020-12-27 00:50:27.690 [http-nio-8088-exec-4] DEBUG com.gdut.fundraising.mapper.UserMapper.login - ==>  Preparing: select * from user_tbl where user_phone=? and user_password=?
2020-12-27 00:50:27.691 [http-nio-8088-exec-4] DEBUG com.gdut.fundraising.mapper.UserMapper.login - ==> Parameters: 1(String), 1(String)
2020-12-27 00:50:27.693 [http-nio-8088-exec-4] DEBUG com.gdut.fundraising.mapper.UserMapper.login - <==      Total: 1
2020-12-27 00:50:27.697 [http-nio-8088-exec-4] DEBUG com.gdut.fundraising.mapper.UserMapper.updateToken - ==>  Preparing: update user_tbl set user_token=? where user_phone=? and user_password=?
2020-12-27 00:50:27.698 [http-nio-8088-exec-4] DEBUG com.gdut.fundraising.mapper.UserMapper.updateToken - ==> Parameters: eyJ0eXAiOiJKV1QiLCJhbGciOiJIUzI1NiJ9.eyJhdWQiOiJudWxsIiwidGltZSI6MTYwOTAwMTQyN30.QldhY1ZHIsU8RBoyY8AvN4pS_qtQ6NEMZMjCG0-Mx90(String), 1(String), 1(String)
2020-12-27 00:50:27.857 [http-nio-8088-exec-4] DEBUG com.gdut.fundraising.mapper.UserMapper.updateToken - <==    Updates: 1
2020-12-27 00:56:47.170 [http-nio-8088-exec-7] DEBUG c.gdut.fundraising.mapper.UserMapper.projectCount - ==>  Preparing: select count(project_id) from project_tbl where project_state>2 and project_state<6
2020-12-27 00:56:47.171 [http-nio-8088-exec-7] DEBUG c.gdut.fundraising.mapper.UserMapper.projectCount - ==> Parameters: 
2020-12-27 00:56:47.390 [http-nio-8088-exec-7] DEBUG c.gdut.fundraising.mapper.UserMapper.projectCount - <==      Total: 1
2020-12-27 00:56:47.497 [http-nio-8088-exec-7] DEBUG c.g.fundraising.mapper.UserMapper.readProjectList - ==>  Preparing: select project_id, project_photo, project_people_nums, project_money_now, project_name from project_tbl where project_state>2 and project_state<6 limit 4, ?
2020-12-27 00:56:47.498 [http-nio-8088-exec-7] DEBUG c.g.fundraising.mapper.UserMapper.readProjectList - ==> Parameters: 4(Integer)
2020-12-27 00:56:47.500 [http-nio-8088-exec-7] DEBUG c.g.fundraising.mapper.UserMapper.readProjectList - <==      Total: 0
2020-12-27 00:57:42.638 [http-nio-8088-exec-8] DEBUG c.gdut.fundraising.mapper.UserMapper.projectCount - ==>  Preparing: select count(project_id) from project_tbl where project_state>2 and project_state<6
2020-12-27 00:57:42.639 [http-nio-8088-exec-8] DEBUG c.gdut.fundraising.mapper.UserMapper.projectCount - ==> Parameters: 
2020-12-27 00:57:42.640 [http-nio-8088-exec-8] DEBUG c.gdut.fundraising.mapper.UserMapper.projectCount - <==      Total: 1
2020-12-27 00:57:42.642 [http-nio-8088-exec-8] DEBUG c.g.fundraising.mapper.UserMapper.readProjectList - ==>  Preparing: select project_id, project_photo, project_people_nums, project_money_now, project_name from project_tbl where project_state>2 and project_state<6 limit 4, ?
2020-12-27 00:57:42.642 [http-nio-8088-exec-8] DEBUG c.g.fundraising.mapper.UserMapper.readProjectList - ==> Parameters: 4(Integer)
2020-12-27 00:57:42.645 [http-nio-8088-exec-8] DEBUG c.g.fundraising.mapper.UserMapper.readProjectList - <==      Total: 1
2020-12-27 01:02:31.859 [http-nio-8088-exec-9] DEBUG c.gdut.fundraising.mapper.UserMapper.projectCount - ==>  Preparing: select count(project_id) from project_tbl where project_state>2 and project_state<6
2020-12-27 01:02:31.859 [http-nio-8088-exec-9] DEBUG c.gdut.fundraising.mapper.UserMapper.projectCount - ==> Parameters: 
2020-12-27 01:02:31.861 [http-nio-8088-exec-9] DEBUG c.gdut.fundraising.mapper.UserMapper.projectCount - <==      Total: 1
2020-12-27 01:02:31.861 [http-nio-8088-exec-9] DEBUG c.g.fundraising.mapper.UserMapper.readProjectList - ==>  Preparing: select project_id, project_photo, project_people_nums, project_money_now, project_name from project_tbl where project_state>2 and project_state<6 limit 4, ?
2020-12-27 01:02:31.862 [http-nio-8088-exec-9] DEBUG c.g.fundraising.mapper.UserMapper.readProjectList - ==> Parameters: 4(Integer)
2020-12-27 01:02:31.866 [http-nio-8088-exec-9] DEBUG c.g.fundraising.mapper.UserMapper.readProjectList - <==      Total: 1
2020-12-27 01:02:53.285 [http-nio-8088-exec-10] DEBUG c.gdut.fundraising.mapper.UserMapper.projectCount - ==>  Preparing: select count(project_id) from project_tbl where project_state>2 and project_state<6
2020-12-27 01:02:53.286 [http-nio-8088-exec-10] DEBUG c.gdut.fundraising.mapper.UserMapper.projectCount - ==> Parameters: 
2020-12-27 01:02:53.366 [http-nio-8088-exec-10] DEBUG c.gdut.fundraising.mapper.UserMapper.projectCount - <==      Total: 1
2020-12-27 01:02:53.398 [http-nio-8088-exec-10] DEBUG c.g.fundraising.mapper.UserMapper.readProjectList - ==>  Preparing: select project_id, project_photo, project_people_nums, project_money_now, project_name from project_tbl where project_state>2 and project_state<6 limit 4, ?
2020-12-27 01:02:53.399 [http-nio-8088-exec-10] DEBUG c.g.fundraising.mapper.UserMapper.readProjectList - ==> Parameters: 4(Integer)
2020-12-27 01:02:53.425 [http-nio-8088-exec-10] DEBUG c.g.fundraising.mapper.UserMapper.readProjectList - <==      Total: 1
2020-12-27 01:03:49.868 [http-nio-8088-exec-1] DEBUG c.gdut.fundraising.mapper.UserMapper.projectCount - ==>  Preparing: select count(project_id) from project_tbl where project_state>2 and project_state<6
2020-12-27 01:03:49.868 [http-nio-8088-exec-1] DEBUG c.gdut.fundraising.mapper.UserMapper.projectCount - ==> Parameters: 
2020-12-27 01:03:49.870 [http-nio-8088-exec-1] DEBUG c.gdut.fundraising.mapper.UserMapper.projectCount - <==      Total: 1
2020-12-27 01:03:49.887 [http-nio-8088-exec-1] DEBUG c.g.fundraising.mapper.UserMapper.readProjectList - ==>  Preparing: select project_id, project_photo, project_people_nums, project_money_now, project_name from project_tbl where project_state>2 and project_state<6 limit 4, ?
2020-12-27 01:03:49.888 [http-nio-8088-exec-1] DEBUG c.g.fundraising.mapper.UserMapper.readProjectList - ==> Parameters: 4(Integer)
2020-12-27 01:03:49.898 [http-nio-8088-exec-1] DEBUG c.g.fundraising.mapper.UserMapper.readProjectList - <==      Total: 1
2020-12-27 01:04:03.364 [http-nio-8088-exec-2] DEBUG c.gdut.fundraising.mapper.UserMapper.projectCount - ==>  Preparing: select count(project_id) from project_tbl where project_state>2 and project_state<6
2020-12-27 01:04:03.364 [http-nio-8088-exec-2] DEBUG c.gdut.fundraising.mapper.UserMapper.projectCount - ==> Parameters: 
2020-12-27 01:04:03.365 [http-nio-8088-exec-2] DEBUG c.gdut.fundraising.mapper.UserMapper.projectCount - <==      Total: 1
2020-12-27 01:04:03.367 [http-nio-8088-exec-2] DEBUG c.g.fundraising.mapper.UserMapper.readProjectList - ==>  Preparing: select project_id, project_photo, project_people_nums, project_money_now, project_name from project_tbl where project_state>2 and project_state<6 limit 4, ?
2020-12-27 01:04:03.372 [http-nio-8088-exec-2] DEBUG c.g.fundraising.mapper.UserMapper.readProjectList - ==> Parameters: 4(Integer)
2020-12-27 01:04:03.374 [http-nio-8088-exec-2] DEBUG c.g.fundraising.mapper.UserMapper.readProjectList - <==      Total: 1
2020-12-27 01:06:40.551 [http-nio-8088-exec-5] DEBUG c.gdut.fundraising.mapper.UserMapper.projectCount - ==>  Preparing: select count(project_id) from project_tbl where project_state>2 and project_state<6
2020-12-27 01:06:40.590 [http-nio-8088-exec-5] DEBUG c.gdut.fundraising.mapper.UserMapper.projectCount - ==> Parameters: 
2020-12-27 01:06:40.617 [http-nio-8088-exec-5] DEBUG c.gdut.fundraising.mapper.UserMapper.projectCount - <==      Total: 1
2020-12-27 01:06:40.618 [http-nio-8088-exec-5] DEBUG c.g.fundraising.mapper.UserMapper.readProjectList - ==>  Preparing: select project_id, project_photo, project_people_nums, project_money_now, project_name from project_tbl where project_state>2 and project_state<6 limit 0, ?
2020-12-27 01:06:40.618 [http-nio-8088-exec-5] DEBUG c.g.fundraising.mapper.UserMapper.readProjectList - ==> Parameters: 4(Integer)
2020-12-27 01:06:40.718 [http-nio-8088-exec-5] DEBUG c.g.fundraising.mapper.UserMapper.readProjectList - <==      Total: 4
2020-12-27 01:06:56.993 [http-nio-8088-exec-6] DEBUG c.gdut.fundraising.mapper.UserMapper.projectCount - ==>  Preparing: select count(project_id) from project_tbl where project_state>2 and project_state<6
2020-12-27 01:06:56.993 [http-nio-8088-exec-6] DEBUG c.gdut.fundraising.mapper.UserMapper.projectCount - ==> Parameters: 
2020-12-27 01:06:57.004 [http-nio-8088-exec-6] DEBUG c.gdut.fundraising.mapper.UserMapper.projectCount - <==      Total: 1
2020-12-27 01:06:57.006 [http-nio-8088-exec-6] DEBUG c.g.fundraising.mapper.UserMapper.readProjectList - ==>  Preparing: select project_id, project_photo, project_people_nums, project_money_now, project_name from project_tbl where project_state>2 and project_state<6 limit 0, ?
2020-12-27 01:06:57.007 [http-nio-8088-exec-6] DEBUG c.g.fundraising.mapper.UserMapper.readProjectList - ==> Parameters: 4(Integer)
2020-12-27 01:06:57.009 [http-nio-8088-exec-6] DEBUG c.g.fundraising.mapper.UserMapper.readProjectList - <==      Total: 4
2020-12-27 11:43:05.751 [http-nio-8088-exec-7] DEBUG c.gdut.fundraising.mapper.UserMapper.projectCount - ==>  Preparing: select count(project_id) from project_tbl where project_state>2 and project_state<6
2020-12-27 11:43:06.628 [http-nio-8088-exec-7] DEBUG c.gdut.fundraising.mapper.UserMapper.projectCount - ==> Parameters: 
2020-12-27 11:43:11.572 [http-nio-8088-exec-7] DEBUG c.gdut.fundraising.mapper.UserMapper.projectCount - <==      Total: 1
2020-12-27 11:43:11.685 [http-nio-8088-exec-7] DEBUG c.g.fundraising.mapper.UserMapper.readProjectList - ==>  Preparing: select project_id, project_photo, project_people_nums, project_money_now, project_name from project_tbl where project_state>2 and project_state<6 limit 0, ?
2020-12-27 11:43:12.136 [http-nio-8088-exec-7] DEBUG c.g.fundraising.mapper.UserMapper.readProjectList - ==> Parameters: 4(Integer)
2020-12-27 11:43:16.340 [http-nio-8088-exec-7] DEBUG c.g.fundraising.mapper.UserMapper.readProjectList - <==      Total: 4
2020-12-27 11:44:39.450 [http-nio-8088-exec-8] DEBUG c.gdut.fundraising.mapper.UserMapper.projectCount - ==>  Preparing: select count(project_id) from project_tbl where project_state>2 and project_state<6
2020-12-27 11:44:39.450 [http-nio-8088-exec-8] DEBUG c.gdut.fundraising.mapper.UserMapper.projectCount - ==> Parameters: 
2020-12-27 11:44:39.451 [http-nio-8088-exec-8] DEBUG c.gdut.fundraising.mapper.UserMapper.projectCount - <==      Total: 1
2020-12-27 11:44:39.452 [http-nio-8088-exec-8] DEBUG c.g.fundraising.mapper.UserMapper.readProjectList - ==>  Preparing: select project_id, project_photo, project_people_nums, project_money_now, project_name from project_tbl where project_state>2 and project_state<6 limit 0, ?
2020-12-27 11:44:39.452 [http-nio-8088-exec-8] DEBUG c.g.fundraising.mapper.UserMapper.readProjectList - ==> Parameters: 4(Integer)
2020-12-27 11:44:39.543 [http-nio-8088-exec-8] DEBUG c.g.fundraising.mapper.UserMapper.readProjectList - <==      Total: 4
2020-12-27 11:44:57.096 [http-nio-8088-exec-9] DEBUG c.gdut.fundraising.mapper.UserMapper.projectCount - ==>  Preparing: select count(project_id) from project_tbl where project_state>2 and project_state<6
2020-12-27 11:44:57.097 [http-nio-8088-exec-9] DEBUG c.gdut.fundraising.mapper.UserMapper.projectCount - ==> Parameters: 
2020-12-27 11:44:57.099 [http-nio-8088-exec-9] DEBUG c.gdut.fundraising.mapper.UserMapper.projectCount - <==      Total: 1
2020-12-27 11:44:57.148 [http-nio-8088-exec-9] DEBUG c.g.fundraising.mapper.UserMapper.readProjectList - ==>  Preparing: select project_id, project_photo, project_people_nums, project_money_now, project_name from project_tbl where project_state>2 and project_state<6 limit 0, ?
2020-12-27 11:44:57.149 [http-nio-8088-exec-9] DEBUG c.g.fundraising.mapper.UserMapper.readProjectList - ==> Parameters: 4(Integer)
2020-12-27 11:44:57.150 [http-nio-8088-exec-9] DEBUG c.g.fundraising.mapper.UserMapper.readProjectList - <==      Total: 4
2020-12-27 11:45:16.954 [http-nio-8088-exec-10] DEBUG c.gdut.fundraising.mapper.UserMapper.projectCount - ==>  Preparing: select count(project_id) from project_tbl where project_state>2 and project_state<6
2020-12-27 11:45:16.954 [http-nio-8088-exec-10] DEBUG c.gdut.fundraising.mapper.UserMapper.projectCount - ==> Parameters: 
2020-12-27 11:45:16.955 [http-nio-8088-exec-10] DEBUG c.gdut.fundraising.mapper.UserMapper.projectCount - <==      Total: 1
2020-12-27 11:45:16.956 [http-nio-8088-exec-10] DEBUG c.g.fundraising.mapper.UserMapper.readProjectList - ==>  Preparing: select project_id, project_photo, project_people_nums, project_money_now, project_name from project_tbl where project_state>2 and project_state<6 limit 0, ?
2020-12-27 11:45:16.956 [http-nio-8088-exec-10] DEBUG c.g.fundraising.mapper.UserMapper.readProjectList - ==> Parameters: 4(Integer)
2020-12-27 11:45:16.957 [http-nio-8088-exec-10] DEBUG c.g.fundraising.mapper.UserMapper.readProjectList - <==      Total: 4
2020-12-27 11:45:40.362 [http-nio-8088-exec-1] DEBUG c.gdut.fundraising.mapper.UserMapper.projectCount - ==>  Preparing: select count(project_id) from project_tbl where project_state>2 and project_state<6
2020-12-27 11:45:40.362 [http-nio-8088-exec-1] DEBUG c.gdut.fundraising.mapper.UserMapper.projectCount - ==> Parameters: 
2020-12-27 11:45:40.363 [http-nio-8088-exec-1] DEBUG c.gdut.fundraising.mapper.UserMapper.projectCount - <==      Total: 1
2020-12-27 11:45:40.382 [http-nio-8088-exec-1] DEBUG c.g.fundraising.mapper.UserMapper.readProjectList - ==>  Preparing: select project_id, project_photo, project_people_nums, project_money_now, project_name from project_tbl where project_state>2 and project_state<6 limit 0, ?
2020-12-27 11:45:40.383 [http-nio-8088-exec-1] DEBUG c.g.fundraising.mapper.UserMapper.readProjectList - ==> Parameters: 4(Integer)
2020-12-27 11:45:40.384 [http-nio-8088-exec-1] DEBUG c.g.fundraising.mapper.UserMapper.readProjectList - <==      Total: 4
2020-12-27 11:46:05.511 [http-nio-8088-exec-2] DEBUG c.gdut.fundraising.mapper.UserMapper.projectCount - ==>  Preparing: select count(project_id) from project_tbl where project_state>2 and project_state<6
2020-12-27 11:46:05.511 [http-nio-8088-exec-2] DEBUG c.gdut.fundraising.mapper.UserMapper.projectCount - ==> Parameters: 
2020-12-27 11:46:05.512 [http-nio-8088-exec-2] DEBUG c.gdut.fundraising.mapper.UserMapper.projectCount - <==      Total: 1
2020-12-27 11:46:05.526 [http-nio-8088-exec-2] DEBUG c.g.fundraising.mapper.UserMapper.readProjectList - ==>  Preparing: select project_id, project_photo, project_people_nums, project_money_now, project_name from project_tbl where project_state>2 and project_state<6 limit 0, ?
2020-12-27 11:46:05.527 [http-nio-8088-exec-2] DEBUG c.g.fundraising.mapper.UserMapper.readProjectList - ==> Parameters: 4(Integer)
2020-12-27 11:46:05.528 [http-nio-8088-exec-2] DEBUG c.g.fundraising.mapper.UserMapper.readProjectList - <==      Total: 4
2020-12-27 11:46:08.529 [http-nio-8088-exec-3] DEBUG c.gdut.fundraising.mapper.UserMapper.projectCount - ==>  Preparing: select count(project_id) from project_tbl where project_state>2 and project_state<6
2020-12-27 11:46:08.529 [http-nio-8088-exec-3] DEBUG c.gdut.fundraising.mapper.UserMapper.projectCount - ==> Parameters: 
2020-12-27 11:46:08.530 [http-nio-8088-exec-3] DEBUG c.gdut.fundraising.mapper.UserMapper.projectCount - <==      Total: 1
2020-12-27 11:46:08.531 [http-nio-8088-exec-3] DEBUG c.g.fundraising.mapper.UserMapper.readProjectList - ==>  Preparing: select project_id, project_photo, project_people_nums, project_money_now, project_name from project_tbl where project_state>2 and project_state<6 limit 0, ?
2020-12-27 11:46:08.608 [http-nio-8088-exec-3] DEBUG c.g.fundraising.mapper.UserMapper.readProjectList - ==> Parameters: 4(Integer)
2020-12-27 11:46:08.609 [http-nio-8088-exec-3] DEBUG c.g.fundraising.mapper.UserMapper.readProjectList - <==      Total: 4
2020-12-27 11:46:30.815 [http-nio-8088-exec-4] DEBUG c.gdut.fundraising.mapper.UserMapper.projectCount - ==>  Preparing: select count(project_id) from project_tbl where project_state>2 and project_state<6
2020-12-27 11:46:30.815 [http-nio-8088-exec-4] DEBUG c.gdut.fundraising.mapper.UserMapper.projectCount - ==> Parameters: 
2020-12-27 11:46:30.818 [http-nio-8088-exec-4] DEBUG c.gdut.fundraising.mapper.UserMapper.projectCount - <==      Total: 1
2020-12-27 11:46:30.821 [http-nio-8088-exec-4] DEBUG c.g.fundraising.mapper.UserMapper.readProjectList - ==>  Preparing: select project_id, project_photo, project_people_nums, project_money_now, project_name from project_tbl where project_state>2 and project_state<6 limit 0, ?
2020-12-27 11:46:30.837 [http-nio-8088-exec-4] DEBUG c.g.fundraising.mapper.UserMapper.readProjectList - ==> Parameters: 4(Integer)
2020-12-27 11:46:30.839 [http-nio-8088-exec-4] DEBUG c.g.fundraising.mapper.UserMapper.readProjectList - <==      Total: 4
2020-12-27 11:46:32.304 [http-nio-8088-exec-5] DEBUG c.gdut.fundraising.mapper.UserMapper.projectCount - ==>  Preparing: select count(project_id) from project_tbl where project_state>2 and project_state<6
2020-12-27 11:46:32.305 [http-nio-8088-exec-5] DEBUG c.gdut.fundraising.mapper.UserMapper.projectCount - ==> Parameters: 
2020-12-27 11:46:32.306 [http-nio-8088-exec-5] DEBUG c.gdut.fundraising.mapper.UserMapper.projectCount - <==      Total: 1
2020-12-27 11:46:32.307 [http-nio-8088-exec-5] DEBUG c.g.fundraising.mapper.UserMapper.readProjectList - ==>  Preparing: select project_id, project_photo, project_people_nums, project_money_now, project_name from project_tbl where project_state>2 and project_state<6 limit 0, ?
2020-12-27 11:46:32.307 [http-nio-8088-exec-5] DEBUG c.g.fundraising.mapper.UserMapper.readProjectList - ==> Parameters: 4(Integer)
2020-12-27 11:46:32.308 [http-nio-8088-exec-5] DEBUG c.g.fundraising.mapper.UserMapper.readProjectList - <==      Total: 4
2020-12-27 14:37:53.962 [main] DEBUG com.gdut.fundraising.FundraisingApplication - Running with Spring Boot v2.3.4.RELEASE, Spring v5.2.9.RELEASE
2020-12-27 14:41:37.887 [http-nio-8088-exec-5] DEBUG c.gdut.fundraising.mapper.UserMapper.projectCount - ==>  Preparing: select count(project_id) from project_tbl where project_state>2 and project_state<6
2020-12-27 14:41:37.922 [http-nio-8088-exec-5] DEBUG c.gdut.fundraising.mapper.UserMapper.projectCount - ==> Parameters: 
2020-12-27 14:41:38.042 [http-nio-8088-exec-5] DEBUG c.gdut.fundraising.mapper.UserMapper.projectCount - <==      Total: 1
2020-12-27 14:41:38.129 [http-nio-8088-exec-5] DEBUG c.g.fundraising.mapper.UserMapper.readProjectList - ==>  Preparing: select project_id, project_photo, project_people_nums, project_money_now, project_name from project_tbl where project_state>2 and project_state<6 limit 0, ?
2020-12-27 14:41:38.130 [http-nio-8088-exec-5] DEBUG c.g.fundraising.mapper.UserMapper.readProjectList - ==> Parameters: 4(Integer)
2020-12-27 14:41:38.134 [http-nio-8088-exec-5] DEBUG c.g.fundraising.mapper.UserMapper.readProjectList - <==      Total: 4
2020-12-27 14:44:21.267 [http-nio-8088-exec-9] DEBUG c.gdut.fundraising.mapper.UserMapper.projectCount - ==>  Preparing: select count(project_id) from project_tbl where project_state>2 and project_state<6
2020-12-27 14:44:21.268 [http-nio-8088-exec-9] DEBUG c.gdut.fundraising.mapper.UserMapper.projectCount - ==> Parameters: 
2020-12-27 14:44:21.269 [http-nio-8088-exec-9] DEBUG c.gdut.fundraising.mapper.UserMapper.projectCount - <==      Total: 1
2020-12-27 14:44:21.274 [http-nio-8088-exec-9] DEBUG c.g.fundraising.mapper.UserMapper.readProjectList - ==>  Preparing: select project_id, project_photo, project_people_nums, project_money_now, project_name from project_tbl where project_state>2 and project_state<6 limit 0, ?
2020-12-27 14:44:21.274 [http-nio-8088-exec-9] DEBUG c.g.fundraising.mapper.UserMapper.readProjectList - ==> Parameters: 4(Integer)
2020-12-27 14:44:21.278 [http-nio-8088-exec-9] DEBUG c.g.fundraising.mapper.UserMapper.readProjectList - <==      Total: 4
2020-12-27 14:45:46.075 [http-nio-8088-exec-10] DEBUG c.gdut.fundraising.mapper.UserMapper.projectCount - ==>  Preparing: select count(project_id) from project_tbl where project_state>2 and project_state<6
2020-12-27 14:45:46.076 [http-nio-8088-exec-10] DEBUG c.gdut.fundraising.mapper.UserMapper.projectCount - ==> Parameters: 
2020-12-27 14:45:46.079 [http-nio-8088-exec-10] DEBUG c.gdut.fundraising.mapper.UserMapper.projectCount - <==      Total: 1
2020-12-27 14:45:46.080 [http-nio-8088-exec-10] DEBUG c.g.fundraising.mapper.UserMapper.readProjectList - ==>  Preparing: select project_id, project_photo, project_people_nums, project_money_now, project_name from project_tbl where project_state>2 and project_state<6 limit 0, ?
2020-12-27 14:45:46.081 [http-nio-8088-exec-10] DEBUG c.g.fundraising.mapper.UserMapper.readProjectList - ==> Parameters: 4(Integer)
2020-12-27 14:45:46.082 [http-nio-8088-exec-10] DEBUG c.g.fundraising.mapper.UserMapper.readProjectList - <==      Total: 4
2020-12-27 14:47:04.018 [http-nio-8088-exec-1] DEBUG c.gdut.fundraising.mapper.UserMapper.projectCount - ==>  Preparing: select count(project_id) from project_tbl where project_state>2 and project_state<6
2020-12-27 14:47:04.019 [http-nio-8088-exec-1] DEBUG c.gdut.fundraising.mapper.UserMapper.projectCount - ==> Parameters: 
2020-12-27 14:47:04.021 [http-nio-8088-exec-1] DEBUG c.gdut.fundraising.mapper.UserMapper.projectCount - <==      Total: 1
2020-12-27 14:47:04.022 [http-nio-8088-exec-1] DEBUG c.g.fundraising.mapper.UserMapper.readProjectList - ==>  Preparing: select project_id, project_photo, project_people_nums, project_money_now, project_name from project_tbl where project_state>2 and project_state<6 limit 0, ?
2020-12-27 14:47:04.022 [http-nio-8088-exec-1] DEBUG c.g.fundraising.mapper.UserMapper.readProjectList - ==> Parameters: 4(Integer)
2020-12-27 14:47:04.026 [http-nio-8088-exec-1] DEBUG c.g.fundraising.mapper.UserMapper.readProjectList - <==      Total: 4
2020-12-27 14:48:45.865 [http-nio-8088-exec-2] DEBUG c.gdut.fundraising.mapper.UserMapper.projectCount - ==>  Preparing: select count(project_id) from project_tbl where project_state>2 and project_state<6
2020-12-27 14:48:45.865 [http-nio-8088-exec-2] DEBUG c.gdut.fundraising.mapper.UserMapper.projectCount - ==> Parameters: 
2020-12-27 14:48:45.867 [http-nio-8088-exec-2] DEBUG c.gdut.fundraising.mapper.UserMapper.projectCount - <==      Total: 1
2020-12-27 14:48:45.868 [http-nio-8088-exec-2] DEBUG c.g.fundraising.mapper.UserMapper.readProjectList - ==>  Preparing: select project_id, project_photo, project_people_nums, project_money_now, project_name from project_tbl where project_state>2 and project_state<6 limit 0, ?
2020-12-27 14:48:45.868 [http-nio-8088-exec-2] DEBUG c.g.fundraising.mapper.UserMapper.readProjectList - ==> Parameters: 4(Integer)
2020-12-27 14:48:45.870 [http-nio-8088-exec-2] DEBUG c.g.fundraising.mapper.UserMapper.readProjectList - <==      Total: 4
2020-12-27 14:48:47.065 [http-nio-8088-exec-4] DEBUG c.gdut.fundraising.mapper.UserMapper.projectCount - ==>  Preparing: select count(project_id) from project_tbl where project_state>2 and project_state<6
2020-12-27 14:48:47.065 [http-nio-8088-exec-4] DEBUG c.gdut.fundraising.mapper.UserMapper.projectCount - ==> Parameters: 
2020-12-27 14:48:47.067 [http-nio-8088-exec-4] DEBUG c.gdut.fundraising.mapper.UserMapper.projectCount - <==      Total: 1
2020-12-27 14:48:47.068 [http-nio-8088-exec-4] DEBUG c.g.fundraising.mapper.UserMapper.readProjectList - ==>  Preparing: select project_id, project_photo, project_people_nums, project_money_now, project_name from project_tbl where project_state>2 and project_state<6 limit 0, ?
2020-12-27 14:48:47.068 [http-nio-8088-exec-4] DEBUG c.g.fundraising.mapper.UserMapper.readProjectList - ==> Parameters: 4(Integer)
2020-12-27 14:48:47.071 [http-nio-8088-exec-4] DEBUG c.g.fundraising.mapper.UserMapper.readProjectList - <==      Total: 4
2020-12-27 14:53:48.042 [http-nio-8088-exec-3] DEBUG c.gdut.fundraising.mapper.UserMapper.projectCount - ==>  Preparing: select count(project_id) from project_tbl where project_state>2 and project_state<6
2020-12-27 14:53:48.044 [http-nio-8088-exec-3] DEBUG c.gdut.fundraising.mapper.UserMapper.projectCount - ==> Parameters: 
2020-12-27 14:53:48.045 [http-nio-8088-exec-3] DEBUG c.gdut.fundraising.mapper.UserMapper.projectCount - <==      Total: 1
2020-12-27 14:53:48.046 [http-nio-8088-exec-3] DEBUG c.g.fundraising.mapper.UserMapper.readProjectList - ==>  Preparing: select project_id, project_photo, project_people_nums, project_money_now, project_name from project_tbl where project_state>2 and project_state<6 limit 0, ?
2020-12-27 14:53:48.046 [http-nio-8088-exec-3] DEBUG c.g.fundraising.mapper.UserMapper.readProjectList - ==> Parameters: 4(Integer)
2020-12-27 14:53:48.049 [http-nio-8088-exec-3] DEBUG c.g.fundraising.mapper.UserMapper.readProjectList - <==      Total: 4
